这个游戏所有值得注意的变化都将记录在这个文件中。
项目名:扫雷游戏
说明:
1.	主界面，点击开始游戏进入游戏界面
2.	游戏界面,左侧显示游戏内容,右侧则是游戏ui,目前有一个按键,用于切换扫雷和插旗模式
3.	扫雷模式下点击游戏区的任意格子，根据格子的内容显示不同结果，是雷就直接游戏失败，是旗子则无法有效点击，是数字会直接显示，是空白格则会显示周围所有的非雷非旗格
4.	游戏胜利或者游戏失败均可选择回到主界面或者再次进行游戏

~version 0.1 2023.8.24 15:30
 新增:
    新增图片素材库
    新增基本.c .h 文件

~version 0.15 2023.8.24 15:50
 新增:
    将所有lcd touch相关函数添加进库
    解决了部分bmp图片无法正常显示的问题
    新增进入游戏主界面功能

~version 0.2 2023.8.24 16:50
 新增:
    新增正式开始游戏界面
    新增随机产生雷的算法

~version 0.4 2023.8.24 19:50
 新增:
    新增产生数字的算法
    新增扫雷游戏界面
    修复了第二次产生雷后屏幕无法点击的问题

~version 0.6 2023.8.24 20:50
 新增:
    新增了游戏交互，可以通过点击屏幕反馈显示效果了
    修复了多次切换界面会卡死的问题

~version 0.85 2023.8.25 9:30
 新增:
    新增了点击空白区域会自动清空周围非雷区域的算法
    新增了几张图片素材

~version 0.9 2023.8.25 10:47
 新增:
    解决了游戏失败后无法正确进入界面的问题
    新增了几张图片素材,更新了游戏ui

~version 1.0 2023.8.25 11:30
 新增:
    新增了切换插旗和扫雷模式的功能
    游戏到此完成所有基本功能。

~version 1.1 2023.8.25 20:35
 新增:
    新增了游戏中显示时间的功能
    新增了游戏胜利后将时间作为成绩显示在下方的功能

~version 1.2 2023.8.26 17:20
 新增:
   新增了一个主界面按键，点击后显示排行榜的功能
   新增了游戏胜利后若时间达到排行榜标准则更新的功能(会有额外标语告诉你排行榜已经更新)